<?xml version="1.0" encoding="UTF-8"?>
<!-- Generated by org.testng.reporters.JUnitReportReporter -->
<testsuite hostname="cursor" failures="0" tests="6" name="com.hybridframework.tests.FrameworkTest" time="0.016" errors="0" timestamp="2025-07-11T01:37:42 UTC" skipped="0">
  <testcase classname="com.hybridframework.tests.FrameworkTest" name="validateConfigReader" time="0.003"/>
  <testcase classname="com.hybridframework.tests.FrameworkTest" name="validateExtentReportManager" time="0.007"/>
  <testcase classname="com.hybridframework.tests.FrameworkTest" name="validateLogger" time="0.004"/>
  <testcase classname="com.hybridframework.tests.FrameworkTest" name="validateFrameworkConstants" time="0.001"/>
  <testcase classname="com.hybridframework.tests.FrameworkTest" name="validateTestDataPath" time="0.001"/>
  <testcase classname="com.hybridframework.tests.FrameworkTest" name="validateExtentReportConfiguration" time="0.000"/>
</testsuite> <!-- com.hybridframework.tests.FrameworkTest -->
